make --dry-run --always-make --keep-going --print-directory
make: Entering directory '/home/kairat/workspace/products-web-crawler'
mkdir -p output
g++ -std=c++17 -Wall -Wextra -g -Iinclude -c src/main.cpp  -o src/main.o
g++ -std=c++17 -Wall -Wextra -g -Iinclude -c src/repository/repository_image.cpp  -o src/repository/repository_image.o
g++ -std=c++17 -Wall -Wextra -g -Iinclude -c src/repository/repository_link.cpp  -o src/repository/repository_link.o
g++ -std=c++17 -Wall -Wextra -g -Iinclude -c src/repository/repository_webpage.cpp  -o src/repository/repository_webpage.o
g++ -std=c++17 -Wall -Wextra -g -Iinclude -c src/repository/site_repository.cpp  -o src/repository/site_repository.o
g++ -std=c++17 -Wall -Wextra -g -Iinclude -c src/config/rabbitmq_config.cpp  -o src/config/rabbitmq_config.o
g++ -std=c++17 -Wall -Wextra -g -Iinclude -c src/service/link_filter_service.cpp  -o src/service/link_filter_service.o
g++ -std=c++17 -Wall -Wextra -g -Iinclude -c src/service/link_service.cpp  -o src/service/link_service.o
g++ -std=c++17 -Wall -Wextra -g -Iinclude -c src/service/page_download_service.cpp  -o src/service/page_download_service.o
g++ -std=c++17 -Wall -Wextra -g -Iinclude -c src/service/page_service.cpp  -o src/service/page_service.o
g++ -std=c++17 -Wall -Wextra -g -Iinclude -c src/service/product_fetch_service.cpp  -o src/service/product_fetch_service.o
g++ -std=c++17 -Wall -Wextra -g -Iinclude -c src/service/product_service.cpp  -o src/service/product_service.o
g++ -std=c++17 -Wall -Wextra -g -Iinclude -c src/service/seeder_service.cpp  -o src/service/seeder_service.o
g++ -std=c++17 -Wall -Wextra -g -Iinclude -c src/model/app_user.cpp  -o src/model/app_user.o
g++ -std=c++17 -Wall -Wextra -g -Iinclude -c src/model/image.cpp  -o src/model/image.o
g++ -std=c++17 -Wall -Wextra -g -Iinclude -c src/model/link.cpp  -o src/model/link.o
g++ -std=c++17 -Wall -Wextra -g -Iinclude -c src/model/product.cpp  -o src/model/product.o
g++ -std=c++17 -Wall -Wextra -g -Iinclude -c src/model/site.cpp  -o src/model/site.o
g++ -std=c++17 -Wall -Wextra -g -Iinclude -c src/model/webpage.cpp  -o src/model/webpage.o
g++ -std=c++17 -Wall -Wextra -g -Iinclude -c src/database/database.cpp  -o src/database/database.o
g++ -std=c++17 -Wall -Wextra -g -Iinclude -o output/main src/main.o src/repository/repository_image.o src/repository/repository_link.o src/repository/repository_webpage.o src/repository/site_repository.o src/config/rabbitmq_config.o src/service/link_filter_service.o src/service/link_service.o src/service/page_download_service.o src/service/page_service.o src/service/product_fetch_service.o src/service/product_service.o src/service/seeder_service.o src/model/app_user.o src/model/image.o src/model/link.o src/model/product.o src/model/site.o src/model/webpage.o src/database/database.o  -Llib
echo Executing 'all' complete!
make: Leaving directory '/home/kairat/workspace/products-web-crawler'
 
