make all --print-data-base --no-builtin-variables --no-builtin-rules --question
make: *** No rule to make target 'src/main.o', needed by 'main'.  Stop.

# GNU Make 4.3
# Built for x86_64-pc-linux-gnu
# Copyright (C) 1988-2020 Free Software Foundation, Inc.
# License GPLv3+: GNU GPL version 3 or later <http://gnu.org/licenses/gpl.html>
# This is free software: you are free to change and redistribute it.
# There is NO WARRANTY, to the extent permitted by law.

# Make data base, printed on Sun Aug 21 15:37:44 2022

# Variables

# environment
JAVA_HOME = /usr/lib/jvm/java-11-openjdk-amd64
# environment
GDK_BACKEND = x11
# makefile (from 'Makefile', line 18)
OUTPUT := output
# environment
LC_ALL = C
# makefile (from 'Makefile', line 21)
SRC := src
# environment
GNOME_SHELL_SESSION_MODE = ubuntu
# environment
SSH_AGENT_LAUNCHER = gnome-keyring
# environment
GJS_DEBUG_OUTPUT = stderr
# makefile (from 'Makefile', line 44)
MD := mkdir -p
# environment
LC_NAME = kk_KZ.UTF-8
# environment
LC_NUMERIC = kk_KZ.UTF-8
# environment
VSCODE_CWD = /home/kairat
# makefile (from 'Makefile', line 51)
LIBS := -Llib
# environment
LC_ADDRESS = kk_KZ.UTF-8
# default
MAKE_COMMAND := make
# environment
QT_ACCESSIBILITY = 1
# environment
GOPATH = /home/kairat/go
# automatic
@D = $(patsubst %/,%,$(dir $@))
# environment
VSCODE_HANDLES_UNCAUGHT_ERRORS = true
# default
.VARIABLES := 
# environment
PWD = /home/kairat/workspace/products-web-crawler
# automatic
%D = $(patsubst %/,%,$(dir $%))
# environment
XDG_DATA_DIRS = /usr/share/ubuntu:/usr/local/share/:/usr/share/:/var/lib/snapd/desktop
# automatic
^D = $(patsubst %/,%,$(dir $^))
# automatic
%F = $(notdir $%)
# environment
VSCODE_CODE_CACHE_PATH = /home/kairat/.config/Code/CachedData/b06ae3b2d2dbfe28bca3134cc6be65935cdfea6a
# environment
LANG = C
# environment
XAUTHORITY = /run/user/1000/.mutter-Xwaylandauth.VZ6OR1
# default
.LOADED := 
# default
.INCLUDE_DIRS = /usr/local/include /usr/include /usr/include
# makefile
MAKEFLAGS = pqrR
# makefile
CURDIR := /home/kairat/workspace/products-web-crawler
# environment
APPLICATION_INSIGHTS_NO_DIAGNOSTIC_CHANNEL = 1
# environment
LESSOPEN = | /usr/bin/lesspipe %s
# automatic
*D = $(patsubst %/,%,$(dir $*))
# environment
MFLAGS = -pqrR
# environment
SSH_AUTH_SOCK = /run/user/1000/keyring/ssh
# default
.SHELLFLAGS := -c
# makefile (from 'Makefile', line 65)
OUTPUTMAIN := output/main
# environment
WAYLAND_DISPLAY = wayland-0
# environment
XDG_CONFIG_DIRS = /etc/xdg/xdg-ubuntu:/etc/xdg
# automatic
+D = $(patsubst %/,%,$(dir $+))
# environment
XDG_SESSION_DESKTOP = ubuntu
# makefile (from 'Makefile', line 1)
MAKEFILE_LIST := Makefile
# automatic
@F = $(notdir $@)
# environment
VSCODE_PID = 114611
# environment
XDG_SESSION_TYPE = wayland
# automatic
?D = $(patsubst %/,%,$(dir $?))
# makefile (from 'Makefile', line 48)
INCLUDES := -Iinclude
# environment
SESSION_MANAGER = local/kairat-VivoBook-ASUSLaptop-X512UA:@/tmp/.ICE-unix/2799,unix/kairat-VivoBook-ASUSLaptop-X512UA:/tmp/.ICE-unix/2799
# automatic
*F = $(notdir $*)
# environment
CHROME_DESKTOP = code-url-handler.desktop
# environment
DBUS_SESSION_BUS_ADDRESS = unix:path=/run/user/1000/bus
# makefile (from 'Makefile', line 27)
LIB := lib
# automatic
<D = $(patsubst %/,%,$(dir $<))
# environment
VSCODE_NLS_CONFIG = {"locale":"en-us","availableLanguages":{},"_languagePackSupport":true}
# makefile (from 'Makefile', line 24)
INCLUDE := include
# default
MAKE_HOST := x86_64-pc-linux-gnu
# environment
GNOME_DESKTOP_SESSION_ID = this-is-deprecated
# makefile
SHELL = /bin/sh
# default
MAKECMDGOALS := all
# environment
XMODIFIERS = @im=ibus
# environment
GJS_DEBUG_TOPICS = JS ERROR;JS LOG
# environment
SHLVL = 0
# environment
MAKELEVEL := 0
# environment
IM_CONFIG_CHECK_ENV = 1
# default
MAKE = $(MAKE_COMMAND)
# environment
PATH = /usr/local/sbin:/usr/local/bin:/usr/sbin:/usr/bin:/sbin:/bin:/usr/games:/usr/local/games:/snap/bin:/snap/bin
# default
MAKEFILES := 
# environment
LC_MONETARY = kk_KZ.UTF-8
# automatic
^F = $(notdir $^)
# environment
LC_TIME = kk_KZ.UTF-8
# makefile (from 'Makefile', line 38)
MAIN := main
# environment
INVOCATION_ID = 75fe4a2cfbd0412e9b5303508af71334
# makefile (from 'Makefile', line 41)
LIBDIRS := lib
# environment
USERNAME = kairat
# environment
GNOME_SETUP_DISPLAY = :1
# environment
LC_TELEPHONE = kk_KZ.UTF-8
# environment
LESSCLOSE = /usr/bin/lesspipe %s %s
# automatic
?F = $(notdir $?)
# makefile (from 'Makefile', line 40)
INCLUDEDIRS := include
# environment
XDG_CURRENT_DESKTOP = Unity
# environment
LS_COLORS = 
# automatic
+F = $(notdir $+)
# environment
DESKTOP_SESSION = ubuntu
# environment
ORIGINAL_XDG_CURRENT_DESKTOP = ubuntu:GNOME
# makefile (from 'Makefile', line 57)
OBJECTS := src/main.o src/repository/repository_image.o src/repository/repository_link.o src/repository/repository_webpage.o src/repository/site_repository.o src/config/rabbitmq_config.o src/service/link_filter_service.o src/service/link_service.o src/service/page_download_service.o src/service/page_service.o src/service/product_fetch_service.o src/service/product_service.o src/service/seeder_service.o src/model/app_user.o src/model/image.o src/model/link.o src/model/product.o src/model/site.o src/model/webpage.o src/database/database.o
# 'override' directive
GNUMAKEFLAGS := 
# environment
LOGNAME = kairat
# environment
GIO_LAUNCHED_DESKTOP_FILE = /usr/share/applications/code.desktop
# makefile
.DEFAULT_GOAL := all
# environment
SYSTEMD_EXEC_PID = 2817
# makefile (from 'Makefile', line 43)
RM = rm -f
# environment
DISPLAY = :0
# environment
USER = kairat
# environment
GTK_MODULES = gail:atk-bridge
# default
MAKE_VERSION := 4.3
# 'override' directive
.SHELLSTATUS := 0
# makefile (from 'Makefile', line 42)
FIXPATH = $1
# environment
MANAGERPID = 2667
# environment
LC_MEASUREMENT = kk_KZ.UTF-8
# environment
GIO_LAUNCHED_DESKTOP_FILE_PID = 114611
# makefile (from 'Makefile', line 39)
SOURCEDIRS := src src/repository src/config src/service src/model src/database
# environment
_ = /usr/share/code/code
# environment
LC_PAPER = kk_KZ.UTF-8
# environment
XDG_RUNTIME_DIR = /run/user/1000
# environment
JOURNAL_STREAM = 8:37359
# environment
XDG_SESSION_CLASS = user
# environment
VSCODE_AMD_ENTRYPOINT = vs/workbench/api/node/extensionHostProcess
# environment
HOME = /home/kairat
# environment
QT_IM_MODULE = ibus
# environment
ELECTRON_RUN_AS_NODE = 1
# environment
VSCODE_IPC_HOOK = /run/user/1000/vscode-e70958b6-1.69.1-main.sock
# environment
IM_CONFIG_PHASE = 1
# default
.RECIPEPREFIX := 
# automatic
<F = $(notdir $<)
# default
SUFFIXES := 
# makefile (from 'Makefile', line 10)
CXXFLAGS := -std=c++17 -Wall -Wextra -g
# default
.FEATURES := target-specific order-only second-expansion else-if shortest-stem undefine oneshell nocomment grouped-target extra-prereqs archives jobserver output-sync check-symlink load
# makefile (from 'Makefile', line 7)
CXX = g++
# makefile (from 'Makefile', line 15)
LFLAGS = 
# makefile (from 'Makefile', line 54)
SOURCES := src/main.cpp src/repository/repository_image.cpp src/repository/repository_link.cpp src/repository/repository_webpage.cpp src/repository/site_repository.cpp src/config/rabbitmq_config.cpp src/service/link_filter_service.cpp src/service/link_service.cpp src/service/page_download_service.cpp src/service/page_service.cpp src/service/product_fetch_service.cpp src/service/product_service.cpp src/service/seeder_service.cpp src/model/app_user.cpp src/model/image.cpp src/model/link.cpp src/model/product.cpp src/model/site.cpp src/model/webpage.cpp src/database/database.cpp
# environment
XDG_MENU_PREFIX = gnome-
# environment
GDMSESSION = ubuntu
# environment
LC_IDENTIFICATION = kk_KZ.UTF-8
# variable set hash-table stats:
# Load=125/1024=12%, Rehash=0, Collisions=9/183=5%

# Pattern-specific Variable Values

# No pattern-specific variable values.

# Directories

# src/config (device 2050, inode 8134155): 3 files, no impossibilities.
# src (device 2050, inode 8003451): 9 files, no impossibilities.
# src/service (device 2050, inode 8134157): 10 files, no impossibilities.
# src/model (device 2050, inode 8266834): 14 files, no impossibilities.
# src/database (device 2050, inode 9186669): 4 files, no impossibilities.
# . (device 2050, inode 5904684): 14 files, no impossibilities.
# src/repository (device 2050, inode 8134150): 8 files, no impossibilities.

# 62 files, no impossibilities in 7 directories.

# Implicit Rules

# No implicit rules.

# Files

# Not a target:
src/service/product_fetch_service.o:
#  Implicit rule search has not been done.
#  Modification time never checked.
#  File has not been updated.

# Not a target:
 
src/service/page_download_service.o:
#  Implicit rule search has not been done.
#  Modification time never checked.
#  File has not been updated.

# Not a target:
src/service/seeder_service.o:
#  Implicit rule search has not been done.
#  Modification time never checked.
#  File has not been updated.

# Not a target:
src/service/product_service.o:
#  Implicit rule search has not been done.
#  Modification time never checked.
#  File has not been updated.

# Not a target:
src/model/webpage.o:
#  Implicit rule search has not been done.
#  Modification time never checked.
#  File has not been updated.

# Not a target:
Makefile:
#  Implicit rule search has been done.
#  Last modified 2022-08-20 15:27:51.383341144
#  File has been updated.
#  Successfully updated.

# Not a target:
src/service/page_service.o:
#  Implicit rule search has not been done.
#  Modification time never checked.
#  File has not been updated.

# Not a target:
src/model/product.o:
#  Implicit rule search has not been done.
#  Modification time never checked.
#  File has not been updated.

# Not a target:
src/model/site.o:
#  Implicit rule search has not been done.
#  Modification time never checked.
#  File has not been updated.

# Not a target:
src/model/app_user.o:
#  Implicit rule search has not been done.
#  Modification time never checked.
#  File has not been updated.

# Not a target:
src/repository/site_repository.o:
#  Implicit rule search has not been done.
#  Modification time never checked.
#  File has not been updated.

# Not a target:
src/config/rabbitmq_config.o:
#  Implicit rule search has not been done.
#  Modification time never checked.
#  File has not been updated.

# Not a target:
src/service/link_service.o:
#  Implicit rule search has not been done.
#  Modification time never checked.
#  File has not been updated.

# Not a target:
src/model/link.o:
#  Implicit rule search has not been done.
#  Modification time never checked.
#  File has not been updated.

clean:
#  Phony target (prerequisite of .PHONY).
#  Implicit rule search has not been done.
#  File does not exist.
#  File has not been updated.
#  recipe to execute (from 'Makefile', line 85):
	$(RM) $(OUTPUTMAIN)
	$(RM) $(call FIXPATH,$(OBJECTS))
	@echo Cleanup complete!

.cpp.o:
#  Implicit rule search has not been done.
#  Modification time never checked.
#  File has not been updated.
#  recipe to execute (from 'Makefile', line 81):
	$(CXX) $(CXXFLAGS) $(INCLUDES) -c $<  -o $@

# Not a target:
src/model/image.o:
#  Implicit rule search has not been done.
#  Modification time never checked.
#  File has not been updated.

# Not a target:
src/repository/repository_webpage.o:
#  Implicit rule search has not been done.
#  Modification time never checked.
#  File has not been updated.

# Not a target:
src/main.o:
#  Implicit rule search has been done.
#  File does not exist.
#  File has not been updated.

# Not a target:
.DEFAULT:
#  Implicit rule search has not been done.
#  Modification time never checked.
#  File has not been updated.

output:
#  Implicit rule search has not been done.
#  Last modified 2022-08-21 12:33:43.937868274
#  File has been updated.
#  Successfully updated.
#  recipe to execute (from 'Makefile', line 71):
	$(MD) $(OUTPUT)

all: output main
#  Command line target.
#  Implicit rule search has not been done.
#  File does not exist.
#  File has not been updated.
#  recipe to execute (from 'Makefile', line 68):
	@echo Executing 'all' complete!

run: all
#  Implicit rule search has not been done.
#  Modification time never checked.
#  File has not been updated.
#  recipe to execute (from 'Makefile', line 90):
	./$(OUTPUTMAIN)
	# @echo Executing 'run: all' complete!

# Not a target:
src/service/link_filter_service.o:
#  Implicit rule search has not been done.
#  Modification time never checked.
#  File has not been updated.

main: src/main.o src/repository/repository_image.o src/repository/repository_link.o src/repository/repository_webpage.o src/repository/site_repository.o src/config/rabbitmq_config.o src/service/link_filter_service.o src/service/link_service.o src/service/page_download_service.o src/service/page_service.o src/service/product_fetch_service.o src/service/product_service.o src/service/seeder_service.o src/model/app_user.o src/model/image.o src/model/link.o src/model/product.o src/model/site.o src/model/webpage.o src/database/database.o
#  Implicit rule search has not been done.
#  File does not exist.
#  File has not been updated.
#  recipe to execute (from 'Makefile', line 74):
	$(CXX) $(CXXFLAGS) $(INCLUDES) -o $(OUTPUTMAIN) $(OBJECTS) $(LFLAGS) $(LIBS)

# Not a target:
src/repository/repository_link.o:
#  Implicit rule search has not been done.
#  Modification time never checked.
#  File has not been updated.

.PHONY: clean
#  Implicit rule search has not been done.
#  Modification time never checked.
#  File has not been updated.

# Not a target:
src/repository/repository_image.o:
#  Implicit rule search has not been done.
#  Modification time never checked.
#  File has not been updated.

# Not a target:
src/database/database.o:
#  Implicit rule search has not been done.
#  Modification time never checked.
#  File has not been updated.

# files hash-table stats:
# Load=30/1024=3%, Rehash=0, Collisions=2/68=3%
# VPATH Search Paths

# No 'vpath' search paths.

# No general ('VPATH' variable) search path.

# strcache buffers: 1 (0) / strings = 85 / storage = 1291 B / avg = 15 B
# current buf: size = 8162 B / used = 1291 B / count = 85 / avg = 15 B

# strcache performance: lookups = 115 / hit rate = 26%
# hash-table stats:
# Load=85/8192=1%, Rehash=0, Collisions=0/115=0%
# Finished Make data base on Sun Aug 21 15:37:44 2022

 
